0 info it worked if it ends with ok
1 verbose cli [ 'node', '/usr/local/bin/npm', 'link' ]
2 info using npm@1.4.28
3 info using node@v0.10.33
4 verbose linkPkg /Users/jordan/Desktop/TiThemeSwitch
5 verbose link build target /usr/local/lib/node_modules/tithemeswitch
6 verbose install where,what [ '/Users/jordan/Desktop/TiThemeSwitch', [] ]
7 verbose readDependencies using package.json deps
8 verbose install where, deps [ '/Users/jordan/Desktop/TiThemeSwitch',
8 verbose install   [ 'tich', 'alloy', 'titanium' ] ]
9 info preinstall tithemeswitch@1.0.2
10 verbose readDependencies using package.json deps
11 verbose already installed skipping tich@>=1.0.4 /Users/jordan/Desktop/TiThemeSwitch
12 verbose already installed skipping alloy@>=1.4.1 /Users/jordan/Desktop/TiThemeSwitch
13 verbose already installed skipping titanium@>=3 /Users/jordan/Desktop/TiThemeSwitch
14 silly resolved []
15 info build /Users/jordan/Desktop/TiThemeSwitch
16 verbose linkStuff [ false, false, false, '/Users/jordan/Desktop' ]
17 info linkStuff tithemeswitch@1.0.2
18 verbose linkBins tithemeswitch@1.0.2
19 verbose linkMans tithemeswitch@1.0.2
20 verbose rebuildBundles tithemeswitch@1.0.2
21 verbose rebuildBundles [ '.bin', 'alloy', 'tich', 'titanium' ]
22 info install tithemeswitch@1.0.2
23 info postinstall tithemeswitch@1.0.2
24 info prepublish tithemeswitch@1.0.2
25 info build /usr/local/lib/node_modules/tithemeswitch
26 verbose linkStuff [ true,
26 verbose linkStuff   '/usr/local/lib/node_modules',
26 verbose linkStuff   true,
26 verbose linkStuff   '/usr/local/lib/node_modules' ]
27 info linkStuff tithemeswitch@1.0.2
28 verbose linkBins tithemeswitch@1.0.2
29 verbose link bins [ { tithemeswitch: 'index.js' }, '/usr/local/bin', true ]
30 verbose linkMans tithemeswitch@1.0.2
31 error Refusing to delete: /usr/local/bin/tithemeswitch not in /usr/local/lib/node_modules/tithemeswitch
File exists: /usr/local/bin/tithemeswitch
Move it away, and try again.
32 error System Darwin 14.4.0
33 error command "node" "/usr/local/bin/npm" "link"
34 error cwd /Users/jordan/Desktop/TiThemeSwitch
35 error node -v v0.10.33
36 error npm -v 1.4.28
37 error path /usr/local/bin/tithemeswitch
38 error code EEXIST
39 verbose exit [ 1, true ]
